> Task :compileJava UP-TO-DATE
> Task :processResources UP-TO-DATE
> Task :classes UP-TO-DATE
> Task :resolveMainClassName UP-TO-DATE

> Task :bootRun
  .   ____          _            __ _ _
 /\\ / ___'_ __ _ _(_)_ __  __ _ \ \ \ \
( ( )\___ | '_ | '_| | '_ \/ _` | \ \ \ \
 \\/  ___)| |_)| | | | | || (_| |  ) ) ) )
  '  |____| .__|_| |_|_| |_\__, | / / / /
 =========|_|==============|___/=/_/_/_/

 :: Spring Boot ::                (v3.3.0)

2026-05-20T15:53:04.379+09:00  INFO 16860 --- [           main] com.donga.dating.DatingApplication       : Starting DatingApplication using Java 17.0.19 with PID 16860 (C:\SW_Project\build\classes\java\main started by alfma in C:\SW_Project)
2026-05-20T15:53:04.381+09:00 DEBUG 16860 --- [           main] com.donga.dating.DatingApplication       : Running with Spring Boot v3.3.0, Spring v6.1.8
2026-05-20T15:53:04.382+09:00  INFO 16860 --- [           main] com.donga.dating.DatingApplication       : No active profile set, falling back to 1 default profile: "default"
2026-05-20T15:53:05.422+09:00  INFO 16860 --- [           main] .s.d.r.c.RepositoryConfigurationDelegate : Bootstrapping Spring Data JPA repositories in DEFAULT mode.
2026-05-20T15:53:05.592+09:00  INFO 16860 --- [           main] .s.d.r.c.RepositoryConfigurationDelegate : Finished Spring Data repository scanning in 158 ms. Found 5 JPA repository interfaces.
2026-05-20T15:53:06.220+09:00  INFO 16860 --- [           main] o.s.b.w.embedded.tomcat.TomcatWebServer  : Tomcat initialized with port 8080 (http)
2026-05-20T15:53:06.232+09:00  INFO 16860 --- [           main] o.apache.catalina.core.StandardService   : Starting service [Tomcat]
2026-05-20T15:53:06.232+09:00  INFO 16860 --- [           main] o.apache.catalina.core.StandardEngine    : Starting Servlet engine: [Apache Tomcat/10.1.24]
2026-05-20T15:53:06.300+09:00  INFO 16860 --- [           main] o.a.c.c.C.[Tomcat].[localhost].[/]       : Initializing Spring embedded WebApplicationContext
2026-05-20T15:53:06.301+09:00  INFO 16860 --- [           main] w.s.c.ServletWebServerApplicationContext : Root WebApplicationContext: initialization completed in 1864 ms
2026-05-20T15:53:06.486+09:00  INFO 16860 --- [           main] o.hibernate.jpa.internal.util.LogHelper  : HHH000204: Processing PersistenceUnitInfo [name: default]
2026-05-20T15:53:06.545+09:00  INFO 16860 --- [           main] org.hibernate.Version                    : HHH000412: Hibernate ORM core version 6.5.2.Final
2026-05-20T15:53:06.579+09:00  INFO 16860 --- [           main] o.h.c.internal.RegionFactoryInitiator    : HHH000026: Second-level cache disabled
2026-05-20T15:53:06.903+09:00  INFO 16860 --- [           main] o.s.o.j.p.SpringPersistenceUnitInfo      : No LoadTimeWeaver setup: ignoring JPA class transformer
2026-05-20T15:53:06.943+09:00  INFO 16860 --- [           main] com.zaxxer.hikari.HikariDataSource       : HikariPool-1 - Starting...
2026-05-20T15:53:07.103+09:00  INFO 16860 --- [           main] com.zaxxer.hikari.pool.HikariPool        : HikariPool-1 - Added connection com.mysql.cj.jdbc.ConnectionImpl@5c573229
2026-05-20T15:53:07.106+09:00  INFO 16860 --- [           main] com.zaxxer.hikari.HikariDataSource       : HikariPool-1 - Start completed.
2026-05-20T15:53:07.160+09:00  WARN 16860 --- [           main] org.hibernate.orm.deprecation            : HHH90000025: MySQLDialect does not need to be specified explicitly using 'hibernate.dialect' (remove the property setting and it will be selected by default)
2026-05-20T15:53:08.234+09:00  INFO 16860 --- [           main] o.h.e.t.j.p.i.JtaPlatformInitiator       : HHH000489: No JTA platform available (set 'hibernate.transaction.jta.platform' to enable JTA platform integration)
2026-05-20T15:53:08.281+09:00  INFO 16860 --- [           main] j.LocalContainerEntityManagerFactoryBean : Initialized JPA EntityManagerFactory for persistence unit 'default'
2026-05-20T15:53:08.585+09:00  INFO 16860 --- [           main] o.s.d.j.r.query.QueryEnhancerFactory     : Hibernate is in classpath; If applicable, HQL parser will be used.
2026-05-20T15:53:09.203+09:00  WARN 16860 --- [           main] JpaBaseConfiguration$JpaWebConfiguration : spring.jpa.open-in-view is enabled by default. Therefore, database queries may be performed during view rendering. Explicitly configure spring.jpa.open-in-view to disable this warning
2026-05-20T15:53:09.225+09:00  WARN 16860 --- [           main] .s.s.UserDetailsServiceAutoConfiguration : 

Using generated security password: f09460c7-2540-4cdb-b80a-218c816d41e9

This generated password is for development use only. Your security configuration must be updated before running your application in production.

2026-05-20T15:53:09.233+09:00  INFO 16860 --- [           main] r$InitializeUserDetailsManagerConfigurer : Global AuthenticationManager configured with UserDetailsService bean with name inMemoryUserDetailsManager
2026-05-20T15:53:09.515+09:00  INFO 16860 --- [           main] o.s.s.web.DefaultSecurityFilterChain     : Will secure any request with [org.springframework.security.web.session.DisableEncodeUrlFilter@4d5399f4, org.springframework.security.web.context.request.async.WebAsyncManagerIntegrationFilter@1490b1a4, org.springframework.security.web.context.SecurityContextHolderFilter@41e35358, org.springframework.security.web.header.HeaderWriterFilter@3a6732bc, org.springframework.web.filter.CorsFilter@28908c04, org.springframework.security.web.authentication.logout.LogoutFilter@c04a1ca, org.springframework.security.web.savedrequest.RequestCacheAwareFilter@4b628301, org.springframework.security.web.servletapi.SecurityContextHolderAwareRequestFilter@5513982, org.springframework.security.web.authentication.AnonymousAuthenticationFilter@2b9132ad, org.springframework.security.web.access.ExceptionTranslationFilter@30e787e2, org.springframework.security.web.access.intercept.AuthorizationFilter@5c00b341]
2026-05-20T15:53:09.729+09:00  INFO 16860 --- [           main] o.s.b.w.embedded.tomcat.TomcatWebServer  : Tomcat started on port 8080 (http) with context path '/'
2026-05-20T15:53:09.742+09:00  INFO 16860 --- [           main] com.donga.dating.DatingApplication       : Started DatingApplication in 5.822 seconds (process running for 6.275)
2026-05-20T15:53:16.516+09:00  INFO 16860 --- [nio-8080-exec-1] o.a.c.c.C.[Tomcat].[localhost].[/]       : Initializing Spring DispatcherServlet 'dispatcherServlet'
2026-05-20T15:53:16.516+09:00  INFO 16860 --- [nio-8080-exec-1] o.s.web.servlet.DispatcherServlet        : Initializing Servlet 'dispatcherServlet'
2026-05-20T15:53:16.517+09:00  INFO 16860 --- [nio-8080-exec-1] o.s.web.servlet.DispatcherServlet        : Completed initialization in 1 ms
Terminate batch job (Y/N)? 